2025-02-22 01:09:37 INFO  testCases.TC002_LoginTest_DataDriver - ************ clicked Sign Out button **********
2025-02-22 01:09:37 INFO  testCases.TC002_LoginTest_DataDriver - ************ ENDED TC002_LoginTest_DataDriver - loginTest - data driven **********
2025-02-22 01:09:37 INFO  testCases.TC002_LoginTest_DataDriver - ************ STARTED TC002_LoginTest_DataDriver - loginTest - data driven **********
2025-02-22 01:09:39 INFO  testCases.TC002_LoginTest_DataDriver - ************ clicked my Account label **********
2025-02-22 01:09:39 INFO  testCases.TC002_LoginTest_DataDriver - ************ entered email id for registration **********
2025-02-22 01:09:39 INFO  testCases.TC002_LoginTest_DataDriver - ************ entered password id for registration **********
2025-02-22 01:09:41 INFO  testCases.TC002_LoginTest_DataDriver - ************ clicked Login button **********
2025-02-22 01:10:01 INFO  testCases.TC002_LoginTest_DataDriver - ************ ENDED TC002_LoginTest_DataDriver - loginTest - data driven **********
2025-02-22 01:10:01 INFO  testCases.TC002_LoginTest_DataDriver - ************ STARTED TC002_LoginTest_DataDriver - loginTest - data driven **********
2025-02-22 01:10:03 INFO  testCases.TC002_LoginTest_DataDriver - ************ clicked my Account label **********
2025-02-22 01:10:03 INFO  testCases.TC002_LoginTest_DataDriver - ************ entered email id for registration **********
2025-02-22 01:10:03 INFO  testCases.TC002_LoginTest_DataDriver - ************ entered password id for registration **********
2025-02-22 01:10:05 INFO  testCases.TC002_LoginTest_DataDriver - ************ clicked Login button **********
2025-02-22 01:10:25 INFO  testCases.TC002_LoginTest_DataDriver - ************ ENDED TC002_LoginTest_DataDriver - loginTest - data driven **********
2025-02-22 01:10:25 INFO  testCases.TC002_LoginTest_DataDriver - ************ STARTED TC002_LoginTest_DataDriver - loginTest - data driven **********
2025-02-22 01:10:27 INFO  testCases.TC002_LoginTest_DataDriver - ************ clicked my Account label **********
2025-02-22 01:10:27 INFO  testCases.TC002_LoginTest_DataDriver - ************ entered email id for registration **********
2025-02-22 01:10:27 INFO  testCases.TC002_LoginTest_DataDriver - ************ entered password id for registration **********
2025-02-22 01:10:29 INFO  testCases.TC002_LoginTest_DataDriver - ************ clicked Login button **********
2025-02-22 01:10:49 INFO  testCases.TC002_LoginTest_DataDriver - ************ ENDED TC002_LoginTest_DataDriver - loginTest - data driven **********
2025-02-22 01:10:49 INFO  testCases.TC002_LoginTest_DataDriver - ************ STARTED TC002_LoginTest_DataDriver - loginTest - data driven **********
2025-02-22 01:10:51 INFO  testCases.TC002_LoginTest_DataDriver - ************ clicked my Account label **********
2025-02-22 01:10:51 INFO  testCases.TC002_LoginTest_DataDriver - ************ entered email id for registration **********
2025-02-22 01:10:51 INFO  testCases.TC002_LoginTest_DataDriver - ************ entered password id for registration **********
2025-02-22 01:10:53 INFO  testCases.TC002_LoginTest_DataDriver - ************ clicked Login button **********
2025-02-22 01:10:55 INFO  testCases.TC002_LoginTest_DataDriver - ************ clicked Sign Out button **********
2025-02-22 01:10:55 INFO  testCases.TC002_LoginTest_DataDriver - ************ ENDED TC002_LoginTest_DataDriver - loginTest - data driven **********
2025-02-22 01:10:55 INFO  testCases.TC002_LoginTest_DataDriver - ************ STARTED TC002_LoginTest_DataDriver - loginTest - data driven **********
2025-02-22 01:10:57 INFO  testCases.TC002_LoginTest_DataDriver - ************ clicked my Account label **********
2025-02-22 01:10:57 INFO  testCases.TC002_LoginTest_DataDriver - ************ entered email id for registration **********
2025-02-22 01:10:57 INFO  testCases.TC002_LoginTest_DataDriver - ************ entered password id for registration **********
2025-02-22 01:10:59 INFO  testCases.TC002_LoginTest_DataDriver - ************ clicked Login button **********
2025-02-22 01:11:19 INFO  testCases.TC002_LoginTest_DataDriver - ************ ENDED TC002_LoginTest_DataDriver - loginTest - data driven **********
2025-02-22 01:11:23 INFO  testCases.TC001_AccountRegistrationTest - ************ starting TC001_AccountRegistrationTest **********
2025-02-22 01:11:27 INFO  testCases.TC001_AccountRegistrationTest - ************ clicked my Account label **********
2025-02-22 01:11:27 INFO  testCases.TC001_AccountRegistrationTest - ************ entered email id puJlo@yopmail.com for registration **********
2025-02-22 01:11:27 INFO  testCases.TC001_AccountRegistrationTest - ************ entered password id for registration **********
2025-02-22 01:11:30 INFO  testCases.TC001_AccountRegistrationTest - ************ clicked Register button **********
2025-02-22 01:11:33 INFO  testCases.TC001_AccountRegistrationTest - ************ clicked Sign Out button **********
